# JRE version: Java(TM) SE Runtime Environment (8.0_191-b12) (build 1.8.0_191-b12)
# Java VM: Java HotSpot(TM) 64-Bit Server VM (25.191-b12 mixed mode linux-amd64 compressed oops)
Heap:
 PSYoungGen      total 39424K, used 19067K [0x000000076d800000, 0x0000000770b80000, 0x00000007c0000000)
  eden space 27136K, 56% used [0x000000076d800000,0x000000076e706c40,0x000000076f280000)
  from space 12288K, 29% used [0x000000076ff80000,0x0000000770318000,0x0000000770b80000)
  to   space 12800K, 0% used [0x000000076f280000,0x000000076f280000,0x000000076ff00000)
 ParOldGen       total 349696K, used 335830K [0x00000006c8800000, 0x00000006ddd80000, 0x000000076d800000)
  object space 349696K, 96% used [0x00000006c8800000,0x00000006dcff58c8,0x00000006ddd80000)
 Metaspace       used 16934K, capacity 17456K, committed 17664K, reserved 1064960K
  class space    used 2106K, capacity 2260K, committed 2304K, reserved 1048576K
GC Heap History (10 events):
Event: 300.994 GC heap before
{Heap before GC invocations=199 (full 3):
 PSYoungGen      total 37376K, used 33152K [0x000000076d800000, 0x0000000770a80000, 0x00000007c0000000)
  eden space 24064K, 100% used [0x000000076d800000,0x000000076ef80000,0x000000076ef80000)
  from space 13312K, 68% used [0x000000076ef80000,0x000000076f860000,0x000000076fc80000)
  to   space 13824K, 0% used [0x000000076fd00000,0x000000076fd00000,0x0000000770a80000)
 ParOldGen       total 349696K, used 324262K [0x00000006c8800000, 0x00000006ddd80000, 0x000000076d800000)
  object space 349696K, 92% used [0x00000006c8800000,0x00000006dc4a98c8,0x00000006ddd80000)
 Metaspace       used 16929K, capacity 17456K, committed 17664K, reserved 1064960K
  class space    used 2106K, capacity 2260K, committed 2304K, reserved 1048576K
Event: 301.002 GC heap after
Heap after GC invocations=199 (full 3):
 PSYoungGen      total 37376K, used 8928K [0x000000076d800000, 0x0000000770b80000, 0x00000007c0000000)
  eden space 23552K, 0% used [0x000000076d800000,0x000000076d800000,0x000000076ef00000)
  from space 13824K, 64% used [0x000000076fd00000,0x00000007705b8000,0x0000000770a80000)
  to   space 14336K, 0% used [0x000000076ef00000,0x000000076ef00000,0x000000076fd00000)
 ParOldGen       total 349696K, used 325590K [0x00000006c8800000, 0x00000006ddd80000, 0x000000076d800000)
  object space 349696K, 93% used [0x00000006c8800000,0x00000006dc5f58c8,0x00000006ddd80000)
 Metaspace       used 16929K, capacity 17456K, committed 17664K, reserved 1064960K
  class space    used 2106K, capacity 2260K, committed 2304K, reserved 1048576K
}
Event: 302.176 GC heap before
{Heap before GC invocations=200 (full 3):
 PSYoungGen      total 37376K, used 32480K [0x000000076d800000, 0x0000000770b80000, 0x00000007c0000000)
  eden space 23552K, 100% used [0x000000076d800000,0x000000076ef00000,0x000000076ef00000)
  from space 13824K, 64% used [0x000000076fd00000,0x00000007705b8000,0x0000000770a80000)
  to   space 14336K, 0% used [0x000000076ef00000,0x000000076ef00000,0x000000076fd00000)
 ParOldGen       total 349696K, used 325590K [0x00000006c8800000, 0x00000006ddd80000, 0x000000076d800000)
  object space 349696K, 93% used [0x00000006c8800000,0x00000006dc5f58c8,0x00000006ddd80000)
 Metaspace       used 16929K, capacity 17456K, committed 17664K, reserved 1064960K
  class space    used 2106K, capacity 2260K, committed 2304K, reserved 1048576K
Event: 302.181 GC heap after
Heap after GC invocations=200 (full 3):
 PSYoungGen      total 31232K, used 7584K [0x000000076d800000, 0x0000000770a00000, 0x00000007c0000000)
  eden space 23552K, 0% used [0x000000076d800000,0x000000076d800000,0x000000076ef00000)
  from space 7680K, 98% used [0x000000076ef00000,0x000000076f668000,0x000000076f680000)
  to   space 13824K, 0% used [0x000000076fc80000,0x000000076fc80000,0x0000000770a00000)
 ParOldGen       total 349696K, used 328214K [0x00000006c8800000, 0x00000006ddd80000, 0x000000076d800000)
  object space 349696K, 93% used [0x00000006c8800000,0x00000006dc8858c8,0x00000006ddd80000)
 Metaspace       used 16929K, capacity 17456K, committed 17664K, reserved 1064960K
  class space    used 2106K, capacity 2260K, committed 2304K, reserved 1048576K
}
Event: 303.222 GC heap before
{Heap before GC invocations=201 (full 3):
 PSYoungGen      total 31232K, used 31136K [0x000000076d800000, 0x0000000770a00000, 0x00000007c0000000)
  eden space 23552K, 100% used [0x000000076d800000,0x000000076ef00000,0x000000076ef00000)
  from space 7680K, 98% used [0x000000076ef00000,0x000000076f668000,0x000000076f680000)
  to   space 13824K, 0% used [0x000000076fc80000,0x000000076fc80000,0x0000000770a00000)
 ParOldGen       total 349696K, used 328214K [0x00000006c8800000, 0x00000006ddd80000, 0x000000076d800000)
  object space 349696K, 93% used [0x00000006c8800000,0x00000006dc8858c8,0x00000006ddd80000)
 Metaspace       used 16929K, capacity 17456K, committed 17664K, reserved 1064960K
  class space    used 2106K, capacity 2260K, committed 2304K, reserved 1048576K
Event: 303.227 GC heap after
Heap after GC invocations=201 (full 3):
 PSYoungGen      total 36352K, used 6208K [0x000000076d800000, 0x0000000770900000, 0x00000007c0000000)
  eden space 23552K, 0% used [0x000000076d800000,0x000000076d800000,0x000000076ef00000)
  from space 12800K, 48% used [0x000000076fc80000,0x0000000770290000,0x0000000770900000)
  to   space 13312K, 0% used [0x000000076ef00000,0x000000076ef00000,0x000000076fc00000)
 ParOldGen       total 349696K, used 330830K [0x00000006c8800000, 0x00000006ddd80000, 0x000000076d800000)
  object space 349696K, 94% used [0x00000006c8800000,0x00000006dcb138c8,0x00000006ddd80000)
 Metaspace       used 16929K, capacity 17456K, committed 17664K, reserved 1064960K
  class space    used 2106K, capacity 2260K, committed 2304K, reserved 1048576K
}
Event: 304.149 GC heap before
{Heap before GC invocations=202 (full 3):
 PSYoungGen      total 36352K, used 29760K [0x000000076d800000, 0x0000000770900000, 0x00000007c0000000)
  eden space 23552K, 100% used [0x000000076d800000,0x000000076ef00000,0x000000076ef00000)
  from space 12800K, 48% used [0x000000076fc80000,0x0000000770290000,0x0000000770900000)
  to   space 13312K, 0% used [0x000000076ef00000,0x000000076ef00000,0x000000076fc00000)
 ParOldGen       total 349696K, used 330830K [0x00000006c8800000, 0x00000006ddd80000, 0x000000076d800000)
  object space 349696K, 94% used [0x00000006c8800000,0x00000006dcb138c8,0x00000006ddd80000)
 Metaspace       used 16929K, capacity 17456K, committed 17664K, reserved 1064960K
  class space    used 2106K, capacity 2260K, committed 2304K, reserved 1048576K
Event: 304.172 GC heap after
Heap after GC invocations=202 (full 3):
 PSYoungGen      total 36864K, used 4896K [0x000000076d800000, 0x0000000770c00000, 0x00000007c0000000)
  eden space 23552K, 0% used [0x000000076d800000,0x000000076d800000,0x000000076ef00000)
  from space 13312K, 36% used [0x000000076ef00000,0x000000076f3c8000,0x000000076fc00000)
  to   space 12800K, 0% used [0x000000076ff80000,0x000000076ff80000,0x0000000770c00000)
 ParOldGen       total 349696K, used 333366K [0x00000006c8800000, 0x00000006ddd80000, 0x000000076d800000)
  object space 349696K, 95% used [0x00000006c8800000,0x00000006dcd8d8c8,0x00000006ddd80000)
 Metaspace       used 16929K, capacity 17456K, committed 17664K, reserved 1064960K
  class space    used 2106K, capacity 2260K, committed 2304K, reserved 1048576K
}
Event: 305.052 GC heap before
{Heap before GC invocations=203 (full 3):
 PSYoungGen      total 36864K, used 28448K [0x000000076d800000, 0x0000000770c00000, 0x00000007c0000000)
  eden space 23552K, 100% used [0x000000076d800000,0x000000076ef00000,0x000000076ef00000)
  from space 13312K, 36% used [0x000000076ef00000,0x000000076f3c8000,0x000000076fc00000)
  to   space 12800K, 0% used [0x000000076ff80000,0x000000076ff80000,0x0000000770c00000)
 ParOldGen       total 349696K, used 333366K [0x00000006c8800000, 0x00000006ddd80000, 0x000000076d800000)
  object space 349696K, 95% used [0x00000006c8800000,0x00000006dcd8d8c8,0x00000006ddd80000)
 Metaspace       used 16929K, capacity 17456K, committed 17664K, reserved 1064960K
  class space    used 2106K, capacity 2260K, committed 2304K, reserved 1048576K
Event: 305.056 GC heap after
Heap after GC invocations=203 (full 3):
 PSYoungGen      total 39424K, used 3680K [0x000000076d800000, 0x0000000770b80000, 0x00000007c0000000)
  eden space 27136K, 0% used [0x000000076d800000,0x000000076d800000,0x000000076f280000)
  from space 12288K, 29% used [0x000000076ff80000,0x0000000770318000,0x0000000770b80000)
  to   space 12800K, 0% used [0x000000076f280000,0x000000076f280000,0x000000076ff00000)
 ParOldGen       total 349696K, used 335830K [0x00000006c8800000, 0x00000006ddd80000, 0x000000076d800000)
  object space 349696K, 96% used [0x00000006c8800000,0x00000006dcff58c8,0x00000006ddd80000)
 Metaspace       used 16929K, capacity 17456K, committed 17664K, reserved 1064960K
  class space    used 2106K, capacity 2260K, committed 2304K, reserved 1048576K
}

