# JRE version: Java(TM) SE Runtime Environment (8.0_191-b12) (build 1.8.0_191-b12)
# Java VM: Java HotSpot(TM) 64-Bit Server VM (25.191-b12 mixed mode linux-amd64 compressed oops)
Heap:
 PSYoungGen      total 31232K, used 3514K [0x000000076d800000, 0x000000076f800000, 0x00000007c0000000)
  eden space 30720K, 11% used [0x000000076d800000,0x000000076db669f8,0x000000076f600000)
  from space 512K, 6% used [0x000000076f780000,0x000000076f788000,0x000000076f800000)
  to   space 512K, 0% used [0x000000076f700000,0x000000076f700000,0x000000076f780000)
 ParOldGen       total 169472K, used 8063K [0x00000006c8800000, 0x00000006d2d80000, 0x000000076d800000)
  object space 169472K, 4% used [0x00000006c8800000,0x00000006c8fdfe28,0x00000006d2d80000)
 Metaspace       used 16491K, capacity 17216K, committed 17536K, reserved 1064960K
  class space    used 2385K, capacity 2561K, committed 2688K, reserved 1048576K
GC Heap History (10 events):
Event: 291.450 GC heap before
{Heap before GC invocations=148 (full 0):
 PSYoungGen      total 31232K, used 30752K [0x000000076d800000, 0x000000076f800000, 0x00000007c0000000)
  eden space 30720K, 100% used [0x000000076d800000,0x000000076f600000,0x000000076f600000)
  from space 512K, 6% used [0x000000076f700000,0x000000076f708000,0x000000076f780000)
  to   space 512K, 0% used [0x000000076f780000,0x000000076f780000,0x000000076f800000)
 ParOldGen       total 169472K, used 8063K [0x00000006c8800000, 0x00000006d2d80000, 0x000000076d800000)
  object space 169472K, 4% used [0x00000006c8800000,0x00000006c8fdfe28,0x00000006d2d80000)
 Metaspace       used 16488K, capacity 17216K, committed 17536K, reserved 1064960K
  class space    used 2385K, capacity 2561K, committed 2688K, reserved 1048576K
Event: 291.452 GC heap after
Heap after GC invocations=148 (full 0):
 PSYoungGen      total 31232K, used 32K [0x000000076d800000, 0x000000076f800000, 0x00000007c0000000)
  eden space 30720K, 0% used [0x000000076d800000,0x000000076d800000,0x000000076f600000)
  from space 512K, 6% used [0x000000076f780000,0x000000076f788000,0x000000076f800000)
  to   space 512K, 0% used [0x000000076f700000,0x000000076f700000,0x000000076f780000)
 ParOldGen       total 169472K, used 8063K [0x00000006c8800000, 0x00000006d2d80000, 0x000000076d800000)
  object space 169472K, 4% used [0x00000006c8800000,0x00000006c8fdfe28,0x00000006d2d80000)
 Metaspace       used 16488K, capacity 17216K, committed 17536K, reserved 1064960K
  class space    used 2385K, capacity 2561K, committed 2688K, reserved 1048576K
}
Event: 293.251 GC heap before
{Heap before GC invocations=149 (full 0):
 PSYoungGen      total 31232K, used 30752K [0x000000076d800000, 0x000000076f800000, 0x00000007c0000000)
  eden space 30720K, 100% used [0x000000076d800000,0x000000076f600000,0x000000076f600000)
  from space 512K, 6% used [0x000000076f780000,0x000000076f788000,0x000000076f800000)
  to   space 512K, 0% used [0x000000076f700000,0x000000076f700000,0x000000076f780000)
 ParOldGen       total 169472K, used 8063K [0x00000006c8800000, 0x00000006d2d80000, 0x000000076d800000)
  object space 169472K, 4% used [0x00000006c8800000,0x00000006c8fdfe28,0x00000006d2d80000)
 Metaspace       used 16488K, capacity 17216K, committed 17536K, reserved 1064960K
  class space    used 2385K, capacity 2561K, committed 2688K, reserved 1048576K
Event: 293.253 GC heap after
Heap after GC invocations=149 (full 0):
 PSYoungGen      total 31232K, used 32K [0x000000076d800000, 0x000000076f800000, 0x00000007c0000000)
  eden space 30720K, 0% used [0x000000076d800000,0x000000076d800000,0x000000076f600000)
  from space 512K, 6% used [0x000000076f700000,0x000000076f708000,0x000000076f780000)
  to   space 512K, 0% used [0x000000076f780000,0x000000076f780000,0x000000076f800000)
 ParOldGen       total 169472K, used 8063K [0x00000006c8800000, 0x00000006d2d80000, 0x000000076d800000)
  object space 169472K, 4% used [0x00000006c8800000,0x00000006c8fdfe28,0x00000006d2d80000)
 Metaspace       used 16488K, capacity 17216K, committed 17536K, reserved 1064960K
  class space    used 2385K, capacity 2561K, committed 2688K, reserved 1048576K
}
Event: 294.758 GC heap before
{Heap before GC invocations=150 (full 0):
 PSYoungGen      total 31232K, used 30752K [0x000000076d800000, 0x000000076f800000, 0x00000007c0000000)
  eden space 30720K, 100% used [0x000000076d800000,0x000000076f600000,0x000000076f600000)
  from space 512K, 6% used [0x000000076f700000,0x000000076f708000,0x000000076f780000)
  to   space 512K, 0% used [0x000000076f780000,0x000000076f780000,0x000000076f800000)
 ParOldGen       total 169472K, used 8063K [0x00000006c8800000, 0x00000006d2d80000, 0x000000076d800000)
  object space 169472K, 4% used [0x00000006c8800000,0x00000006c8fdfe28,0x00000006d2d80000)
 Metaspace       used 16488K, capacity 17216K, committed 17536K, reserved 1064960K
  class space    used 2385K, capacity 2561K, committed 2688K, reserved 1048576K
Event: 294.760 GC heap after
Heap after GC invocations=150 (full 0):
 PSYoungGen      total 31232K, used 32K [0x000000076d800000, 0x000000076f800000, 0x00000007c0000000)
  eden space 30720K, 0% used [0x000000076d800000,0x000000076d800000,0x000000076f600000)
  from space 512K, 6% used [0x000000076f780000,0x000000076f788000,0x000000076f800000)
  to   space 512K, 0% used [0x000000076f700000,0x000000076f700000,0x000000076f780000)
 ParOldGen       total 169472K, used 8063K [0x00000006c8800000, 0x00000006d2d80000, 0x000000076d800000)
  object space 169472K, 4% used [0x00000006c8800000,0x00000006c8fdfe28,0x00000006d2d80000)
 Metaspace       used 16488K, capacity 17216K, committed 17536K, reserved 1064960K
  class space    used 2385K, capacity 2561K, committed 2688K, reserved 1048576K
}
Event: 296.348 GC heap before
{Heap before GC invocations=151 (full 0):
 PSYoungGen      total 31232K, used 30752K [0x000000076d800000, 0x000000076f800000, 0x00000007c0000000)
  eden space 30720K, 100% used [0x000000076d800000,0x000000076f600000,0x000000076f600000)
  from space 512K, 6% used [0x000000076f780000,0x000000076f788000,0x000000076f800000)
  to   space 512K, 0% used [0x000000076f700000,0x000000076f700000,0x000000076f780000)
 ParOldGen       total 169472K, used 8063K [0x00000006c8800000, 0x00000006d2d80000, 0x000000076d800000)
  object space 169472K, 4% used [0x00000006c8800000,0x00000006c8fdfe28,0x00000006d2d80000)
 Metaspace       used 16488K, capacity 17216K, committed 17536K, reserved 1064960K
  class space    used 2385K, capacity 2561K, committed 2688K, reserved 1048576K
Event: 296.350 GC heap after
Heap after GC invocations=151 (full 0):
 PSYoungGen      total 31232K, used 32K [0x000000076d800000, 0x000000076f800000, 0x00000007c0000000)
  eden space 30720K, 0% used [0x000000076d800000,0x000000076d800000,0x000000076f600000)
  from space 512K, 6% used [0x000000076f700000,0x000000076f708000,0x000000076f780000)
  to   space 512K, 0% used [0x000000076f780000,0x000000076f780000,0x000000076f800000)
 ParOldGen       total 169472K, used 8063K [0x00000006c8800000, 0x00000006d2d80000, 0x000000076d800000)
  object space 169472K, 4% used [0x00000006c8800000,0x00000006c8fdfe28,0x00000006d2d80000)
 Metaspace       used 16488K, capacity 17216K, committed 17536K, reserved 1064960K
  class space    used 2385K, capacity 2561K, committed 2688K, reserved 1048576K
}
Event: 297.841 GC heap before
{Heap before GC invocations=152 (full 0):
 PSYoungGen      total 31232K, used 30752K [0x000000076d800000, 0x000000076f800000, 0x00000007c0000000)
  eden space 30720K, 100% used [0x000000076d800000,0x000000076f600000,0x000000076f600000)
  from space 512K, 6% used [0x000000076f700000,0x000000076f708000,0x000000076f780000)
  to   space 512K, 0% used [0x000000076f780000,0x000000076f780000,0x000000076f800000)
 ParOldGen       total 169472K, used 8063K [0x00000006c8800000, 0x00000006d2d80000, 0x000000076d800000)
  object space 169472K, 4% used [0x00000006c8800000,0x00000006c8fdfe28,0x00000006d2d80000)
 Metaspace       used 16488K, capacity 17216K, committed 17536K, reserved 1064960K
  class space    used 2385K, capacity 2561K, committed 2688K, reserved 1048576K
Event: 297.843 GC heap after
Heap after GC invocations=152 (full 0):
 PSYoungGen      total 31232K, used 32K [0x000000076d800000, 0x000000076f800000, 0x00000007c0000000)
  eden space 30720K, 0% used [0x000000076d800000,0x000000076d800000,0x000000076f600000)
  from space 512K, 6% used [0x000000076f780000,0x000000076f788000,0x000000076f800000)
  to   space 512K, 0% used [0x000000076f700000,0x000000076f700000,0x000000076f780000)
 ParOldGen       total 169472K, used 8063K [0x00000006c8800000, 0x00000006d2d80000, 0x000000076d800000)
  object space 169472K, 4% used [0x00000006c8800000,0x00000006c8fdfe28,0x00000006d2d80000)
 Metaspace       used 16488K, capacity 17216K, committed 17536K, reserved 1064960K
  class space    used 2385K, capacity 2561K, committed 2688K, reserved 1048576K
}

