# JRE version: Java(TM) SE Runtime Environment (8.0_191-b12) (build 1.8.0_191-b12)
# Java VM: Java HotSpot(TM) 64-Bit Server VM (25.191-b12 mixed mode linux-amd64 compressed oops)
Heap:
 PSYoungGen      total 31232K, used 16274K [0x000000076d800000, 0x000000076f800000, 0x00000007c0000000)
  eden space 30720K, 52% used [0x000000076d800000,0x000000076e7dc8f0,0x000000076f600000)
  from space 512K, 6% used [0x000000076f700000,0x000000076f708000,0x000000076f780000)
  to   space 512K, 0% used [0x000000076f780000,0x000000076f780000,0x000000076f800000)
 ParOldGen       total 169472K, used 8092K [0x00000006c8800000, 0x00000006d2d80000, 0x000000076d800000)
  object space 169472K, 4% used [0x00000006c8800000,0x00000006c8fe7160,0x00000006d2d80000)
 Metaspace       used 16516K, capacity 17280K, committed 17536K, reserved 1064960K
  class space    used 2385K, capacity 2561K, committed 2688K, reserved 1048576K
GC Heap History (10 events):
Event: 161.331 GC heap before
{Heap before GC invocations=77 (full 0):
 PSYoungGen      total 31232K, used 30752K [0x000000076d800000, 0x000000076f800000, 0x00000007c0000000)
  eden space 30720K, 100% used [0x000000076d800000,0x000000076f600000,0x000000076f600000)
  from space 512K, 6% used [0x000000076f780000,0x000000076f788000,0x000000076f800000)
  to   space 512K, 0% used [0x000000076f700000,0x000000076f700000,0x000000076f780000)
 ParOldGen       total 169472K, used 8092K [0x00000006c8800000, 0x00000006d2d80000, 0x000000076d800000)
  object space 169472K, 4% used [0x00000006c8800000,0x00000006c8fe7160,0x00000006d2d80000)
 Metaspace       used 16504K, capacity 17216K, committed 17536K, reserved 1064960K
  class space    used 2385K, capacity 2561K, committed 2688K, reserved 1048576K
Event: 161.333 GC heap after
Heap after GC invocations=77 (full 0):
 PSYoungGen      total 31232K, used 32K [0x000000076d800000, 0x000000076f800000, 0x00000007c0000000)
  eden space 30720K, 0% used [0x000000076d800000,0x000000076d800000,0x000000076f600000)
  from space 512K, 6% used [0x000000076f700000,0x000000076f708000,0x000000076f780000)
  to   space 512K, 0% used [0x000000076f780000,0x000000076f780000,0x000000076f800000)
 ParOldGen       total 169472K, used 8092K [0x00000006c8800000, 0x00000006d2d80000, 0x000000076d800000)
  object space 169472K, 4% used [0x00000006c8800000,0x00000006c8fe7160,0x00000006d2d80000)
 Metaspace       used 16504K, capacity 17216K, committed 17536K, reserved 1064960K
  class space    used 2385K, capacity 2561K, committed 2688K, reserved 1048576K
}
Event: 162.580 GC heap before
{Heap before GC invocations=78 (full 0):
 PSYoungGen      total 31232K, used 30752K [0x000000076d800000, 0x000000076f800000, 0x00000007c0000000)
  eden space 30720K, 100% used [0x000000076d800000,0x000000076f600000,0x000000076f600000)
  from space 512K, 6% used [0x000000076f700000,0x000000076f708000,0x000000076f780000)
  to   space 512K, 0% used [0x000000076f780000,0x000000076f780000,0x000000076f800000)
 ParOldGen       total 169472K, used 8092K [0x00000006c8800000, 0x00000006d2d80000, 0x000000076d800000)
  object space 169472K, 4% used [0x00000006c8800000,0x00000006c8fe7160,0x00000006d2d80000)
 Metaspace       used 16504K, capacity 17216K, committed 17536K, reserved 1064960K
  class space    used 2385K, capacity 2561K, committed 2688K, reserved 1048576K
Event: 162.581 GC heap after
Heap after GC invocations=78 (full 0):
 PSYoungGen      total 31232K, used 32K [0x000000076d800000, 0x000000076f800000, 0x00000007c0000000)
  eden space 30720K, 0% used [0x000000076d800000,0x000000076d800000,0x000000076f600000)
  from space 512K, 6% used [0x000000076f780000,0x000000076f788000,0x000000076f800000)
  to   space 512K, 0% used [0x000000076f700000,0x000000076f700000,0x000000076f780000)
 ParOldGen       total 169472K, used 8092K [0x00000006c8800000, 0x00000006d2d80000, 0x000000076d800000)
  object space 169472K, 4% used [0x00000006c8800000,0x00000006c8fe7160,0x00000006d2d80000)
 Metaspace       used 16504K, capacity 17216K, committed 17536K, reserved 1064960K
  class space    used 2385K, capacity 2561K, committed 2688K, reserved 1048576K
}
Event: 163.815 GC heap before
{Heap before GC invocations=79 (full 0):
 PSYoungGen      total 31232K, used 30752K [0x000000076d800000, 0x000000076f800000, 0x00000007c0000000)
  eden space 30720K, 100% used [0x000000076d800000,0x000000076f600000,0x000000076f600000)
  from space 512K, 6% used [0x000000076f780000,0x000000076f788000,0x000000076f800000)
  to   space 512K, 0% used [0x000000076f700000,0x000000076f700000,0x000000076f780000)
 ParOldGen       total 169472K, used 8092K [0x00000006c8800000, 0x00000006d2d80000, 0x000000076d800000)
  object space 169472K, 4% used [0x00000006c8800000,0x00000006c8fe7160,0x00000006d2d80000)
 Metaspace       used 16504K, capacity 17216K, committed 17536K, reserved 1064960K
  class space    used 2385K, capacity 2561K, committed 2688K, reserved 1048576K
Event: 163.817 GC heap after
Heap after GC invocations=79 (full 0):
 PSYoungGen      total 31232K, used 32K [0x000000076d800000, 0x000000076f800000, 0x00000007c0000000)
  eden space 30720K, 0% used [0x000000076d800000,0x000000076d800000,0x000000076f600000)
  from space 512K, 6% used [0x000000076f700000,0x000000076f708000,0x000000076f780000)
  to   space 512K, 0% used [0x000000076f780000,0x000000076f780000,0x000000076f800000)
 ParOldGen       total 169472K, used 8092K [0x00000006c8800000, 0x00000006d2d80000, 0x000000076d800000)
  object space 169472K, 4% used [0x00000006c8800000,0x00000006c8fe7160,0x00000006d2d80000)
 Metaspace       used 16504K, capacity 17216K, committed 17536K, reserved 1064960K
  class space    used 2385K, capacity 2561K, committed 2688K, reserved 1048576K
}
Event: 165.139 GC heap before
{Heap before GC invocations=80 (full 0):
 PSYoungGen      total 31232K, used 30752K [0x000000076d800000, 0x000000076f800000, 0x00000007c0000000)
  eden space 30720K, 100% used [0x000000076d800000,0x000000076f600000,0x000000076f600000)
  from space 512K, 6% used [0x000000076f700000,0x000000076f708000,0x000000076f780000)
  to   space 512K, 0% used [0x000000076f780000,0x000000076f780000,0x000000076f800000)
 ParOldGen       total 169472K, used 8092K [0x00000006c8800000, 0x00000006d2d80000, 0x000000076d800000)
  object space 169472K, 4% used [0x00000006c8800000,0x00000006c8fe7160,0x00000006d2d80000)
 Metaspace       used 16504K, capacity 17216K, committed 17536K, reserved 1064960K
  class space    used 2385K, capacity 2561K, committed 2688K, reserved 1048576K
Event: 165.141 GC heap after
Heap after GC invocations=80 (full 0):
 PSYoungGen      total 31232K, used 32K [0x000000076d800000, 0x000000076f800000, 0x00000007c0000000)
  eden space 30720K, 0% used [0x000000076d800000,0x000000076d800000,0x000000076f600000)
  from space 512K, 6% used [0x000000076f780000,0x000000076f788000,0x000000076f800000)
  to   space 512K, 0% used [0x000000076f700000,0x000000076f700000,0x000000076f780000)
 ParOldGen       total 169472K, used 8092K [0x00000006c8800000, 0x00000006d2d80000, 0x000000076d800000)
  object space 169472K, 4% used [0x00000006c8800000,0x00000006c8fe7160,0x00000006d2d80000)
 Metaspace       used 16504K, capacity 17216K, committed 17536K, reserved 1064960K
  class space    used 2385K, capacity 2561K, committed 2688K, reserved 1048576K
}
Event: 166.495 GC heap before
{Heap before GC invocations=81 (full 0):
 PSYoungGen      total 31232K, used 30752K [0x000000076d800000, 0x000000076f800000, 0x00000007c0000000)
  eden space 30720K, 100% used [0x000000076d800000,0x000000076f600000,0x000000076f600000)
  from space 512K, 6% used [0x000000076f780000,0x000000076f788000,0x000000076f800000)
  to   space 512K, 0% used [0x000000076f700000,0x000000076f700000,0x000000076f780000)
 ParOldGen       total 169472K, used 8092K [0x00000006c8800000, 0x00000006d2d80000, 0x000000076d800000)
  object space 169472K, 4% used [0x00000006c8800000,0x00000006c8fe7160,0x00000006d2d80000)
 Metaspace       used 16504K, capacity 17216K, committed 17536K, reserved 1064960K
  class space    used 2385K, capacity 2561K, committed 2688K, reserved 1048576K
Event: 166.497 GC heap after
Heap after GC invocations=81 (full 0):
 PSYoungGen      total 31232K, used 32K [0x000000076d800000, 0x000000076f800000, 0x00000007c0000000)
  eden space 30720K, 0% used [0x000000076d800000,0x000000076d800000,0x000000076f600000)
  from space 512K, 6% used [0x000000076f700000,0x000000076f708000,0x000000076f780000)
  to   space 512K, 0% used [0x000000076f780000,0x000000076f780000,0x000000076f800000)
 ParOldGen       total 169472K, used 8092K [0x00000006c8800000, 0x00000006d2d80000, 0x000000076d800000)
  object space 169472K, 4% used [0x00000006c8800000,0x00000006c8fe7160,0x00000006d2d80000)
 Metaspace       used 16504K, capacity 17216K, committed 17536K, reserved 1064960K
  class space    used 2385K, capacity 2561K, committed 2688K, reserved 1048576K
}

